testReadFileFailure(): PASSED
testWriteFileSuccess(): PASSED
testGetTenantDirectorySuccess(): PASSED
testExecuteTerraformCommandS3Failure(): FAILED: class org.springframework.r2dbc.core.DatabaseClient$MockitoMock$ZyNzpZea cannot be cast to class org.springframework.r2dbc.core.DatabaseClient$GenericExecuteSpec (org.springframework.r2dbc.core.DatabaseClient$MockitoMock$ZyNzpZea and org.springframework.r2dbc.core.DatabaseClient$GenericExecuteSpec are in unnamed module of loader 'app')
testExecuteTerraformCommandS3Failure(): FAILED: class org.springframework.r2dbc.core.DatabaseClient$MockitoMock$wQKVzC9o cannot be cast to class org.springframework.r2dbc.core.DatabaseClient$GenericExecuteSpec (org.springframework.r2dbc.core.DatabaseClient$MockitoMock$wQKVzC9o and org.springframework.r2dbc.core.DatabaseClient$GenericExecuteSpec are in unnamed module of loader 'app')
testExecuteTerraformCommandLockFailure(): FAILED: class software.amazon.awssdk.core.exception.SdkException$BuilderImpl cannot be cast to class java.lang.Throwable (software.amazon.awssdk.core.exception.SdkException$BuilderImpl is in unnamed module of loader 'app'; java.lang.Throwable is in module java.base of loader 'bootstrap')
testExecuteTerraformCommandLockFailure(): FAILED: expectation "expectErrorMatches" failed (predicate failed on exception: java.lang.RuntimeException: Terraform execution failed for tenantRequest tenant1)
testExecuteTerraformCommandLockFailure(): PASSED
testExecuteTerraformCommandInitSuccess(): FAILED: class org.springframework.r2dbc.core.DatabaseClient$MockitoMock$pRYTiJDG cannot be cast to class org.springframework.r2dbc.core.DatabaseClient$GenericExecuteSpec (org.springframework.r2dbc.core.DatabaseClient$MockitoMock$pRYTiJDG and org.springframework.r2dbc.core.DatabaseClient$GenericExecuteSpec are in unnamed module of loader 'app')
testExecuteTerraformCommandInitSuccess(): FAILED: class org.springframework.r2dbc.core.DatabaseClient$MockitoMock$ZVI78VA0 cannot be cast to class org.springframework.r2dbc.core.DatabaseClient$GenericExecuteSpec (org.springframework.r2dbc.core.DatabaseClient$MockitoMock$ZVI78VA0 and org.springframework.r2dbc.core.DatabaseClient$GenericExecuteSpec are in unnamed module of loader 'app')
testExecuteTerraformCommandInitSuccess(): FAILED: Failed to load ApplicationContext for [ReactiveWebMergedContextConfiguration@792e8181 testClass = com.vickezi.processor.executions.MultiTenantRequestTerraformServiceTest, locations = [], classes = [com.vickezi.processor.executions.MultiTenantRequestTerraformServiceTest.TestConfig], contextInitializerClasses = [], activeProfiles = [], propertySourceDescriptors = [], propertySourceProperties = ["org.springframework.boot.test.context.SpringBootTestContextBootstrapper=true"], contextCustomizers = [org.springframework.boot.test.autoconfigure.OnFailureConditionReportContextCustomizerFactory$OnFailureConditionReportContextCustomizer@45c8d09f, org.springframework.boot.test.autoconfigure.actuate.observability.ObservabilityContextCustomizerFactory$DisableObservabilityContextCustomizer@1f, org.springframework.boot.test.autoconfigure.properties.PropertyMappingContextCustomizer@0, org.springframework.boot.test.autoconfigure.web.servlet.WebDriverContextCustomizer@1fdfafd2, org.springframework.boot.test.context.filter.ExcludeFilterContextCustomizer@5c87bfe2, org.springframework.boot.test.json.DuplicateJsonObjectContextCustomizerFactory$DuplicateJsonObjectContextCustomizer@4cc6fa2a, org.springframework.boot.test.mock.mockito.MockitoContextCustomizer@0, org.springframework.boot.test.web.client.TestRestTemplateContextCustomizer@3dddefd8, org.springframework.boot.test.web.reactive.server.WebTestClientContextCustomizer@6c6c5427, org.springframework.boot.test.web.reactor.netty.DisableReactorResourceFactoryGlobalResourcesContextCustomizerFactory$DisableReactorResourceFactoryGlobalResourcesContextCustomizerCustomizer@6111ba37, org.springframework.test.context.support.DynamicPropertiesContextCustomizer@0, org.springframework.boot.test.context.SpringBootTestAnnotation@d24b7a9a], contextLoader = org.springframework.boot.test.context.SpringBootContextLoader, parent = null]
testExecuteTerraformCommandInitSuccess(): FAILED: No ParameterResolver registered for parameter [com.vickezi.processor.executions.MultiTenantTerraformService terraformService] in constructor [public com.vickezi.processor.executions.MultiTenantRequestTerraformServiceTest(com.vickezi.processor.executions.MultiTenantTerraformService)].
testExecuteTerraformCommandInitSuccess(): FAILED: Failed to load ApplicationContext for [ReactiveWebMergedContextConfiguration@38826984 testClass = com.vickezi.processor.executions.MultiTenantRequestTerraformServiceTest, locations = [], classes = [com.vickezi.processor.executions.MultiTenantRequestTerraformServiceTest.TestConfig], contextInitializerClasses = [], activeProfiles = [], propertySourceDescriptors = [], propertySourceProperties = ["org.springframework.boot.test.context.SpringBootTestContextBootstrapper=true"], contextCustomizers = [org.springframework.boot.test.autoconfigure.OnFailureConditionReportContextCustomizerFactory$OnFailureConditionReportContextCustomizer@5f031ebd, org.springframework.boot.test.autoconfigure.actuate.observability.ObservabilityContextCustomizerFactory$DisableObservabilityContextCustomizer@1f, org.springframework.boot.test.autoconfigure.properties.PropertyMappingContextCustomizer@0, org.springframework.boot.test.autoconfigure.web.servlet.WebDriverContextCustomizer@58ebfd03, org.springframework.boot.test.context.filter.ExcludeFilterContextCustomizer@6d304f9d, org.springframework.boot.test.json.DuplicateJsonObjectContextCustomizerFactory$DuplicateJsonObjectContextCustomizer@51cd7ffc, org.springframework.boot.test.mock.mockito.MockitoContextCustomizer@0, org.springframework.boot.test.web.client.TestRestTemplateContextCustomizer@2b95e48b, org.springframework.boot.test.web.reactive.server.WebTestClientContextCustomizer@5316e95f, org.springframework.boot.test.web.reactor.netty.DisableReactorResourceFactoryGlobalResourcesContextCustomizerFactory$DisableReactorResourceFactoryGlobalResourcesContextCustomizerCustomizer@7894f09b, org.springframework.test.context.support.DynamicPropertiesContextCustomizer@0, org.springframework.boot.test.context.SpringBootTestAnnotation@d24b7a9a], contextLoader = org.springframework.boot.test.context.SpringBootContextLoader, parent = null]
testExecuteTerraformCommandInitSuccess(): FAILED: expectation "expectNextMatches" failed (expected: onNext(); actual: onError(java.lang.RuntimeException: Terraform execution failed for tenantRequest tenant1))
testExecuteTerraformCommandInitSuccess(): FAILED: expectation "expectNextMatches" failed (expected: onNext(); actual: onError(java.lang.RuntimeException: Terraform execution failed for tenantRequest 15003103))
testExecuteTerraformCommandInitSuccess(): FAILED: expectation "expectNextMatches" failed (expected: onNext(); actual: onError(java.lang.RuntimeException: Terraform execution failed for tenantRequest 15003103))
testExecuteTerraformCommandInitSuccess(): FAILED: expectation "expectNextMatches" failed (expected: onNext(); actual: onError(java.lang.RuntimeException: Terraform execution failed for tenantRequest 15003103))
testExecuteTerraformCommandInitSuccess(): FAILED: expectation "expectNextMatches" failed (expected: onNext(); actual: onError(java.lang.RuntimeException: Terraform execution failed for tenantRequest 15003103))
testExecuteTerraformCommandInitSuccess(): FAILED: expectation "expectNextMatches" failed (expected: onNext(); actual: onError(java.lang.RuntimeException: Terraform execution failed for tenantRequest 15003103))
testExecuteTerraformCommandInitSuccess(): FAILED: expectation "expectNextMatches" failed (expected: onNext(); actual: onError(java.lang.RuntimeException: Terraform execution failed for tenantRequest 15003103))
testExecuteTerraformCommandInitSuccess(): FAILED: expectation "expectNextMatches" failed (expected: onNext(); actual: onError(java.lang.RuntimeException: Terraform execution failed for tenantRequest 15003103))
testExecuteTerraformCommandInitSuccess(): FAILED: expectation "expectNextMatches" failed (expected: onNext(); actual: onError(java.lang.RuntimeException: Terraform execution failed for tenantRequest 15003103))
testExecuteTerraformCommandInitSuccess(): FAILED: expectation "expectNextMatches" failed (expected: onNext(); actual: onError(java.lang.RuntimeException: Terraform execution failed for tenantRequest 15003103))
testExecuteTerraformCommandS3Failure(): FAILED: class org.springframework.r2dbc.core.DatabaseClient$MockitoMock$coQ0bwrq cannot be cast to class org.springframework.r2dbc.core.DatabaseClient$GenericExecuteSpec (org.springframework.r2dbc.core.DatabaseClient$MockitoMock$coQ0bwrq and org.springframework.r2dbc.core.DatabaseClient$GenericExecuteSpec are in unnamed module of loader 'app')
